<?xml version="1.0" encoding="UTF-8"?>
<testsuite xmlns:xsi="http://www.w3.org/2001/XMLSchema-instance" xsi:noNamespaceSchemaLocation="https://maven.apache.org/surefire/maven-surefire-plugin/xsd/surefire-test-report.xsd" name="com.mycompany.incomecalc.iCalcTest" time="0.039" tests="1" errors="0" skipped="0" failures="1">
  <properties>
[...]
</properties>
  <testcase name="testCalculateNetBad" classname="com.mycompany.incomecalc.iCalcTest" time="0.024">
    <failure message="expected: &lt;730&gt; but was: &lt;760&gt;" type="org.opentest4j.AssertionFailedError"><![CDATA[org.opentest4j.AssertionFailedError: expected: <730> but was: <760>
	at com.mycompany.incomecalc.iCalcTest.testCalculateNetBad(iCalcTest.java:63)
]]></failure>
    <system-out><![CDATA[calculateNet
]]></system-out>
  </testcase>
</testsuite>